[debug] [2025-10-10T12:43:18.296Z] ----------------------------------------------------------------------
[debug] [2025-10-10T12:43:18.300Z] Command:       /Users/rol4nd909/.nvm/versions/node/v22.16.0/bin/node /Users/rol4nd909/.local/share/pnpm/global/5/.pnpm/firebase-tools@14.19.0_@types+node@24.7.0_encoding@0.1.13/node_modules/firebase-tools/lib/bin/firebase.js deploy
[debug] [2025-10-10T12:43:18.300Z] CLI Version:   14.19.0
[debug] [2025-10-10T12:43:18.300Z] Platform:      darwin
[debug] [2025-10-10T12:43:18.302Z] Node Version:  v22.16.0
[debug] [2025-10-10T12:43:18.302Z] Time:          Fri Oct 10 2025 14:43:18 GMT+0200 (Central European Summer Time)
[debug] [2025-10-10T12:43:18.302Z] ----------------------------------------------------------------------
[debug] 
[debug] [2025-10-10T12:43:18.477Z] > command requires scopes: ["email","openid","https://www.googleapis.com/auth/cloudplatformprojects.readonly","https://www.googleapis.com/auth/firebase","https://www.googleapis.com/auth/cloud-platform"]
[debug] [2025-10-10T12:43:18.478Z] > authorizing via signed-in user (mail@rolandfranke.nl)
[debug] [2025-10-10T12:43:18.478Z] [iam] checking project bld-scrum-poker-app for permissions ["datastore.indexes.create","datastore.indexes.delete","datastore.indexes.list","datastore.indexes.update","firebase.projects.get","firebasehosting.sites.update"]
[debug] [2025-10-10T12:43:18.479Z] Checked if tokens are valid: false, expires at: 1760093344747
[debug] [2025-10-10T12:43:18.479Z] Checked if tokens are valid: false, expires at: 1760093344747
[debug] [2025-10-10T12:43:18.479Z] > refreshing access token with scopes: []
[debug] [2025-10-10T12:43:18.481Z] >>> [apiv2][query] POST https://www.googleapis.com/oauth2/v3/token [none]
[debug] [2025-10-10T12:43:18.481Z] >>> [apiv2][body] POST https://www.googleapis.com/oauth2/v3/token [omitted]
[debug] [2025-10-10T12:43:18.630Z] <<< [apiv2][status] POST https://www.googleapis.com/oauth2/v3/token 200
[debug] [2025-10-10T12:43:18.631Z] <<< [apiv2][body] POST https://www.googleapis.com/oauth2/v3/token [omitted]
[debug] [2025-10-10T12:43:18.678Z] >>> [apiv2][query] POST https://cloudresourcemanager.googleapis.com/v1/projects/bld-scrum-poker-app:testIamPermissions [none]
[debug] [2025-10-10T12:43:18.679Z] >>> [apiv2][(partial)header] POST https://cloudresourcemanager.googleapis.com/v1/projects/bld-scrum-poker-app:testIamPermissions x-goog-quota-user=projects/bld-scrum-poker-app
[debug] [2025-10-10T12:43:18.679Z] >>> [apiv2][body] POST https://cloudresourcemanager.googleapis.com/v1/projects/bld-scrum-poker-app:testIamPermissions {"permissions":["datastore.indexes.create","datastore.indexes.delete","datastore.indexes.list","datastore.indexes.update","firebase.projects.get","firebasehosting.sites.update"]}
[debug] [2025-10-10T12:43:19.382Z] <<< [apiv2][status] POST https://cloudresourcemanager.googleapis.com/v1/projects/bld-scrum-poker-app:testIamPermissions 200
[debug] [2025-10-10T12:43:19.382Z] <<< [apiv2][body] POST https://cloudresourcemanager.googleapis.com/v1/projects/bld-scrum-poker-app:testIamPermissions {"permissions":["datastore.indexes.create","datastore.indexes.delete","datastore.indexes.list","datastore.indexes.update","firebase.projects.get","firebasehosting.sites.update"]}
[debug] [2025-10-10T12:43:19.383Z] Checked if tokens are valid: true, expires at: 1760103797631
[debug] [2025-10-10T12:43:19.383Z] Checked if tokens are valid: true, expires at: 1760103797631
[debug] [2025-10-10T12:43:19.383Z] >>> [apiv2][query] GET https://firebase.googleapis.com/v1beta1/projects/bld-scrum-poker-app [none]
[debug] [2025-10-10T12:43:19.651Z] <<< [apiv2][status] GET https://firebase.googleapis.com/v1beta1/projects/bld-scrum-poker-app 200
[debug] [2025-10-10T12:43:19.651Z] <<< [apiv2][body] GET https://firebase.googleapis.com/v1beta1/projects/bld-scrum-poker-app {"projectId":"bld-scrum-poker-app","projectNumber":"592488517219","displayName":"bld-scrum-poker","name":"projects/bld-scrum-poker-app","resources":{"hostingSite":"bld-scrum-poker-app"},"state":"ACTIVE","etag":"1_248c37e0-1a0b-4eff-8870-ba6d2f4c789e"}
[info] 
[info] === Deploying to 'bld-scrum-poker-app'...
[info] 
[info] i  deploying firestore, hosting 
[info] i  firestore: ensuring required API firestore.googleapis.com is enabled... 
[info] i  firestore: ensuring required API firestore.googleapis.com is enabled... 
[debug] [2025-10-10T12:43:19.655Z] Checked if tokens are valid: true, expires at: 1760103797631
[debug] [2025-10-10T12:43:19.655Z] Checked if tokens are valid: true, expires at: 1760103797631
[debug] [2025-10-10T12:43:19.655Z] >>> [apiv2][query] GET https://firestore.googleapis.com/v1/projects/bld-scrum-poker-app/databases/(default) [none]
[debug] [2025-10-10T12:43:19.792Z] <<< [apiv2][status] GET https://firestore.googleapis.com/v1/projects/bld-scrum-poker-app/databases/(default) 200
[debug] [2025-10-10T12:43:19.792Z] <<< [apiv2][body] GET https://firestore.googleapis.com/v1/projects/bld-scrum-poker-app/databases/(default) {"name":"projects/bld-scrum-poker-app/databases/(default)","uid":"2290066e-98b6-4c18-90b2-9c08fd4bc5b2","createTime":"2025-10-08T10:12:47.751178Z","updateTime":"2025-10-08T10:12:47.751178Z","locationId":"europe-west4","type":"FIRESTORE_NATIVE","concurrencyMode":"PESSIMISTIC","versionRetentionPeriod":"3600s","earliestVersionTime":"2025-10-10T11:43:19.842077Z","appEngineIntegrationMode":"DISABLED","pointInTimeRecoveryEnablement":"POINT_IN_TIME_RECOVERY_DISABLED","deleteProtectionState":"DELETE_PROTECTION_DISABLED","databaseEdition":"STANDARD","freeTier":true,"realtimeUpdatesMode":"REALTIME_UPDATES_MODE_ENABLED","etag":"ILf9uJnUmZADMPra5LC4lJAD"}
[info] i  firestore: reading indexes from firestore.indexes.json... 
[info] i  cloud.firestore: checking firestore.rules for compilation errors... 
[debug] [2025-10-10T12:43:19.794Z] Checked if tokens are valid: true, expires at: 1760103797631
[debug] [2025-10-10T12:43:19.794Z] Checked if tokens are valid: true, expires at: 1760103797631
[debug] [2025-10-10T12:43:19.795Z] >>> [apiv2][query] POST https://firebaserules.googleapis.com/v1/projects/bld-scrum-poker-app:test [none]
[debug] [2025-10-10T12:43:19.795Z] >>> [apiv2][body] POST https://firebaserules.googleapis.com/v1/projects/bld-scrum-poker-app:test [omitted]
[debug] [2025-10-10T12:43:20.535Z] <<< [apiv2][status] POST https://firebaserules.googleapis.com/v1/projects/bld-scrum-poker-app:test 200
[debug] [2025-10-10T12:43:20.535Z] <<< [apiv2][body] POST https://firebaserules.googleapis.com/v1/projects/bld-scrum-poker-app:test {}
[info] ✔  cloud.firestore: rules file firestore.rules compiled successfully 
[debug] [2025-10-10T12:43:20.537Z] Checked if tokens are valid: true, expires at: 1760103797631
[debug] [2025-10-10T12:43:20.538Z] Checked if tokens are valid: true, expires at: 1760103797631
[debug] [2025-10-10T12:43:20.538Z] >>> [apiv2][query] POST https://firebasehosting.googleapis.com/v1beta1/projects/-/sites/bld-scrum-poker-app/versions [none]
[debug] [2025-10-10T12:43:20.538Z] >>> [apiv2][body] POST https://firebasehosting.googleapis.com/v1beta1/projects/-/sites/bld-scrum-poker-app/versions {"status":"CREATED","labels":{"deployment-tool":"cli-firebase"}}
[debug] [2025-10-10T12:43:21.610Z] <<< [apiv2][status] POST https://firebasehosting.googleapis.com/v1beta1/projects/-/sites/bld-scrum-poker-app/versions 200
[debug] [2025-10-10T12:43:21.610Z] <<< [apiv2][body] POST https://firebasehosting.googleapis.com/v1beta1/projects/-/sites/bld-scrum-poker-app/versions {"name":"projects/592488517219/sites/bld-scrum-poker-app/versions/299b1b13054fc9d7","status":"CREATED","config":{},"labels":{"deployment-tool":"cli-firebase"}}
[debug] [2025-10-10T12:43:21.611Z] Checked if tokens are valid: true, expires at: 1760103797631
[debug] [2025-10-10T12:43:21.611Z] Checked if tokens are valid: true, expires at: 1760103797631
[debug] [2025-10-10T12:43:21.611Z] >>> [apiv2][query] GET https://firebaserules.googleapis.com/v1/projects/bld-scrum-poker-app/releases pageSize=10&pageToken=
